<?xml version="1.0" encoding="UTF-8"?>
<!-- Generated by org.testng.reporters.JUnitXMLReporter -->
<testsuite ignored="0" hostname="Blind" failures="0" tests="3" name="Default test" time="23.627" errors="0" timestamp="2021-09-22T22:35:35 COT">
  <testcase classname="com.tmorangeAutomation.tmselenium.test.UserTest" name="deleteUser" time="7.813"/>
  <testcase classname="com.tmorangeAutomation.tmselenium.test.UserTest" name="findUser" time="7.417"/>
  <testcase classname="com.tmorangeAutomation.tmselenium.test.UserTest" name="updateUser" time="7.059"/>
</testsuite> <!-- Default test -->
